Build started 03/10/2019 21:33:36.
     1>Project "C:\Users\Super_Lovely_Girl\OneDrive\Máy tính\codewar\Queen\Queen\Queen.vcxproj" on node 2 (build target(s)).
     1>InitializeBuildStatus:
         Creating "Debug\Queen.unsuccessfulbuild" because "AlwaysCreate" was specified.
       ClCompile:
         D:\Microsoft Visual Studio 10.0\VC\bin\CL.exe /c /ZI /nologo /W3 /WX- /Od /Oy- /D _MBCS /Gm /EHsc /RTC1 /MDd /GS /fp:precise /Zc:wchar_t /Zc:forScope /Fo"Debug\\" /Fd"Debug\vc100.pdb" /Gd /TP /analyze- /errorReport:prompt Queen.cpp
         Queen.cpp
     1>c:\users\super_lovely_girl\onedrive\máy tính\codewar\queen\queen\queen.cpp(47): warning C4996: 'getch': The POSIX name for this item is deprecated. Instead, use the ISO C++ conformant name: _getch. See online help for details.
                 d:\microsoft visual studio 10.0\vc\include\conio.h(128) : see declaration of 'getch'
       Link:
         D:\Microsoft Visual Studio 10.0\VC\bin\link.exe /ERRORREPORT:PROMPT /OUT:"C:\Users\Super_Lovely_Girl\OneDrive\Máy tính\codewar\Queen\Debug\Queen.exe" /NOLOGO kernel32.lib user32.lib gdi32.lib winspool.lib comdlg32.lib advapi32.lib shell32.lib ole32.lib oleaut32.lib uuid.lib odbc32.lib odbccp32.lib /MANIFEST /ManifestFile:"Debug\Queen.exe.intermediate.manifest" /MANIFESTUAC:"level='asInvoker' uiAccess='false'" /DEBUG /PDB:"C:\Users\Super_Lovely_Girl\OneDrive\Máy tính\codewar\Queen\Debug\Queen.pdb" /TLBID:1 /DYNAMICBASE /NXCOMPAT /IMPLIB:"C:\Users\Super_Lovely_Girl\OneDrive\Máy tính\codewar\Queen\Debug\Queen.lib" /MACHINE:X86 Debug\Queen.obj
         LINK : C:\Users\Super_Lovely_Girl\OneDrive\Máy tính\codewar\Queen\Debug\Queen.exe not found or not built by the last incremental link; performing full link
         Queen.vcxproj -> C:\Users\Super_Lovely_Girl\OneDrive\Máy tính\codewar\Queen\Debug\Queen.exe
       Manifest:
         C:\Program Files (x86)\Microsoft SDKs\Windows\v7.0A\bin\mt.exe /nologo /verbose /outputresource:"C:\Users\Super_Lovely_Girl\OneDrive\Máy tính\codewar\Queen\Debug\Queen.exe;#1" /manifest Debug\Queen.exe.intermediate.manifest
       FinalizeBuildStatus:
         Deleting file "Debug\Queen.unsuccessfulbuild".
         Touching "Debug\Queen.lastbuildstate".
     1>Done Building Project "C:\Users\Super_Lovely_Girl\OneDrive\Máy tính\codewar\Queen\Queen\Queen.vcxproj" (build target(s)).

Build succeeded.

Time Elapsed 00:00:03.20
